[2026-02-15 14:01:21] LOGIN | Usuário: lucasclemerson | Status: Falha | IP: ::1
[2026-02-15 14:01:30] LOGIN | Usuário: lucasclemerson | Status: Falha | IP: ::1
[2026-02-15 14:04:35] LOGIN | Usuário: lucasclemerson | Status: Sucesso | IP: ::1
[2026-02-15 14:04:44] LOGIN | Usuário: lucasclemerson | Status: Sucesso | IP: ::1
[2026-02-15 14:05:17] LOGIN | Usuário: lucasclemerson | Status: Sucesso | IP: ::1
[2026-02-15 14:05:22] LOGIN | Usuário: lucasclemerson | Status: Sucesso | IP: ::1
[2026-02-15 14:06:22] LOGIN | Usuário: lucasclemerson | Status: Sucesso | IP: ::1
[2026-02-15 14:06:25] LOGIN | Usuário: lucasclemerson | Status: Sucesso | IP: ::1
[2026-02-15 14:06:27] LOGIN | Usuário: lucasclemerson | Status: Sucesso | IP: ::1
[2026-02-15 14:06:53] LOGIN | Usuário: lucasclemerson | Status: Sucesso | IP: ::1
[2026-02-15 14:07:08] LOGIN | Usuário: lucasclemerson | Status: Sucesso | IP: ::1
[2026-02-16 09:15:44] LOGIN | Usuário: lucasclemerson | Status: Falha | IP: ::1
[2026-02-16 09:16:00] LOGIN | Usuário: lucasclemerson | Status: Falha | IP: ::1
[2026-02-16 09:18:52] LOGIN | Usuário: lucasclemerson | Status: Falha | IP: ::1
[2026-02-16 09:19:51] LOGIN | Usuário: lucasclemerson | Status: Sucesso | IP: ::1
[2026-02-16 09:20:59] LOGIN | Usuário: lucasclemerson | Status: Sucesso | IP: ::1
[2026-02-16 09:24:55] LOGIN | Usuário: lucasclemerson | Status: Sucesso | IP: ::1
[2026-02-16 09:26:11] LOGIN | Usuário: lucasclemerson | Status: Sucesso | IP: ::1
[2026-02-16 09:27:58] LOGIN | Usuário: lucasclemerson | Status: Sucesso | IP: ::1
[2026-02-16 09:29:12] LOGIN | Usuário: lucasclemerson | Status: Falha | IP: ::1
[2026-02-16 09:29:32] LOGIN | Usuário: lucasclemerson | Status: Falha | IP: ::1
[2026-02-16 09:29:39] LOGIN | Usuário: lucasclemerson | Status: Falha | IP: ::1
[2026-02-16 09:30:46] LOGIN | Usuário: lucasclemerson | Status: Falha | IP: ::1
[2026-02-16 09:31:26] LOGIN | Usuário: lucasclemerson | Status: Falha | IP: ::1
[2026-02-16 09:31:36] LOGIN | Usuário: lucasclemerson | Status: Falha | IP: ::1
[2026-02-16 09:31:52] LOGIN | Usuário: lucasclemerson | Status: Falha | IP: ::1
[2026-02-16 09:32:22] LOGIN | Usuário: lucasclemerson | Status: Falha | IP: ::1
[2026-02-16 09:32:54] LOGIN | Usuário: lucasclemerson | Status: Falha | IP: ::1
[2026-02-16 09:33:23] LOGIN | Usuário: lucasclemerson | Status: Falha | IP: ::1
[2026-02-16 09:33:24] LOGIN | Usuário: lucasclemerson | Status: Falha | IP: ::1
[2026-02-16 09:33:38] LOGIN | Usuário: lucasclemerson | Status: Falha | IP: ::1
[2026-02-16 09:33:42] LOGIN | Usuário: lucasclemerson | Status: Falha | IP: ::1
[2026-02-16 09:34:37] LOGIN | Usuário: lucasclemerson | Status: Falha | IP: ::1
[2026-02-16 09:34:41] LOGIN | Usuário: lucasclemerson | Status: Falha | IP: ::1
[2026-02-16 09:35:21] LOGIN | Usuário: lucasclemerson | Status: Falha | IP: ::1
[2026-02-16 09:35:39] LOGIN | Usuário: lucasclemerson | Status: Sucesso | IP: ::1
[2026-02-16 09:35:49] LOGIN | Usuário: lucasclemerson | Status: Sucesso | IP: ::1
[2026-02-16 09:36:09] LOGIN | Usuário: lucasclemerson | Status: Sucesso | IP: ::1
[2026-02-16 09:36:15] LOGIN | Usuário: lucasclemerson | Status: Sucesso | IP: ::1
[2026-02-16 09:52:51] VALIDATE TOKEN | Usuário: lucasclemerson | Status: Sucesso | IP: ::1
[2026-02-16 09:53:46] VALIDATE TOKEN | Usuário: lucasclemerson | Status: Sucesso | IP: ::1
[2026-02-16 09:54:05] VALIDATE TOKEN | Usuário:  | Status: Sucesso | IP: ::1
[2026-02-16 09:54:32] VALIDATE TOKEN | Usuário: CLEMERSON LUCAS DE OLIVEIRA | Status: Sucesso | IP: ::1
[2026-02-16 09:58:13] LOGOUT | Usuário:  | Status: Sucesso | IP: ::1
[2026-02-16 09:58:44] LOGOUT | Usuário: 05bdffcf2739cd76bc83f16c49ac0906200c7f5dd1eef6ff003b10c53ee27ab7 | Status: Sucesso | IP: ::1
[2026-02-16 09:58:48] LOGOUT | Usuário: 05bdffcf2739cd76bc83f16c49ac0906200c7f5dd1eef6ff003b10c53ee27ab7 | Status: Sucesso | IP: ::1
[2026-02-16 09:59:46] LOGOUT | Usuário: 05bdffcf2739cd76bc83f16c49ac0906200c7f5dd1eef6ff003b10c53ee27ab7 | Status: Sucesso | IP: ::1
[2026-02-16 09:59:59] LOGIN | Usuário: lucasclemerson | Status: Sucesso | IP: ::1
[2026-02-16 10:00:05] LOGIN | Usuário: lucasclemerson | Status: Sucesso | IP: ::1
[2026-02-16 10:01:14] LOGIN | Usuário: lucasclemerson | Status: Sucesso | IP: ::1
[2026-02-16 10:01:15] LOGIN | Usuário: lucasclemerson | Status: Sucesso | IP: ::1
[2026-02-16 10:01:46] VALIDATE TOKEN | Usuário: CLEMERSON LUCAS DE OLIVEIRA | Status: Sucesso | IP: ::1
[2026-02-16 10:01:55] LOGIN | Usuário: 97ef22263242ad29810ed42d548ef805958c49ef534ba01cd196ed8dc13bc163 | Status: Falha | IP: ::1
[2026-02-16 10:01:59] LOGIN | Usuário: 97ef22263242ad29810ed42d548ef805958c49ef534ba01cd196ed8dc13bc163 | Status: Falha | IP: ::1
[2026-02-16 10:02:03] LOGIN | Usuário: 97ef22263242ad29810ed42d548ef805958c49ef534ba01cd196ed8dc13bc163 | Status: Falha | IP: ::1
[2026-02-16 10:02:10] LOGIN | Usuário: lucasclemerson | Status: Sucesso | IP: ::1
[2026-02-16 10:02:16] VALIDATE TOKEN | Usuário: CLEMERSON LUCAS DE OLIVEIRA | Status: Sucesso | IP: ::1
[2026-02-16 10:02:21] VALIDATE TOKEN | Usuário: CLEMERSON LUCAS DE OLIVEIRA | Status: Sucesso | IP: ::1
[2026-02-16 10:02:24] VALIDATE TOKEN | Usuário: CLEMERSON LUCAS DE OLIVEIRA | Status: Sucesso | IP: ::1
[2026-02-16 10:02:52] LOGIN | Usuário: lucasclemerson | Status: Sucesso | IP: ::1
[2026-02-16 10:02:57] LOGIN | Usuário: lucasclemerson | Status: Sucesso | IP: ::1
[2026-02-16 10:03:15] VALIDATE TOKEN | Usuário: 97ef22263242ad29810ed42d548ef805958c49ef534ba01cd196ed8dc13bc163 | Status: Falha | IP: ::1
[2026-02-16 10:03:22] LOGIN | Usuário: lucasclemerson | Status: Sucesso | IP: ::1
[2026-02-16 10:03:54] LOGIN | Usuário: lucasclemerson | Status: Sucesso | IP: ::1
[2026-02-16 10:04:15] VALIDATE TOKEN | Usuário: CLEMERSON LUCAS DE OLIVEIRA | Status: Sucesso | IP: ::1
[2026-02-16 10:04:25] LOGOUT | Usuário: 0c3978a5cee4482152436e87429fc15bedc2a4aec7192b4bb999735f4077a1c5 | Status: Sucesso | IP: ::1
[2026-02-16 10:04:39] VALIDATE TOKEN | Usuário: 0c3978a5cee4482152436e87429fc15bedc2a4aec7192b4bb999735f4077a1c5 | Status: Falha | IP: ::1
[2026-02-16 10:04:47] LOGIN | Usuário: lucasclemerson | Status: Sucesso | IP: ::1
[2026-02-16 10:05:19] VALIDATE TOKEN | Usuário: CLEMERSON LUCAS DE OLIVEIRA | Status: Sucesso | IP: ::1
[2026-02-16 10:10:38] VALIDATE TOKEN | Usuário: CLEMERSON LUCAS DE OLIVEIRA | Status: Sucesso | IP: ::1
[2026-02-16 10:11:35] VALIDATE TOKEN | Usuário: CLEMERSON LUCAS DE OLIVEIRA | Status: Sucesso | IP: ::1
[2026-02-16 10:11:48] LOGOUT | Usuário: 87efc6d84a0014f7496c288486796c7d9612f05f2d87d17dd935828e7938ff19 | Status: Sucesso | IP: ::1
[2026-02-16 10:11:52] VALIDATE TOKEN | Usuário: 87efc6d84a0014f7496c288486796c7d9612f05f2d87d17dd935828e7938ff19 | Status: Falha | IP: ::1
[2026-02-16 10:11:59] LOGIN | Usuário: lucasclemerson | Status: Sucesso | IP: ::1
[2026-02-16 10:12:20] VALIDATE TOKEN | Usuário: CLEMERSON LUCAS DE OLIVEIRA | Status: Sucesso | IP: ::1
[2026-02-16 10:14:46] LOGIN | Usuário: local | Status: Sucesso | IP: ::1
[2026-02-16 10:15:05] LOGIN | Usuário: local | Status: Sucesso | IP: ::1
[2026-02-16 10:24:06] VALIDATE TOKEN | Usuário: AMBIENTE DE DESENVOLVIMENTO | Status: Sucesso | IP: ::1
[2026-02-16 10:24:32] VALIDATE TOKEN | Usuário: AMBIENTE DE DESENVOLVIMENTO | Status: Sucesso | IP: ::1
[2026-02-16 10:32:07] VALIDATE TOKEN | Usuário: AMBIENTE DE DESENVOLVIMENTO | Status: Sucesso | IP: ::1
[2026-02-16 10:32:09] VALIDATE TOKEN | Usuário: AMBIENTE DE DESENVOLVIMENTO | Status: Sucesso | IP: ::1
[2026-02-16 10:40:41] LOGIN | Usuário: local | Status: Sucesso | IP: ::1
[2026-02-16 10:41:26] VALIDATE TOKEN | Usuário: AMBIENTE DE DESENVOLVIMENTO | Status: Sucesso | IP: ::1
[2026-02-16 10:41:37] LOGOUT | Usuário: c750fadbdeabcd079605fc65915fa21c28dc0200f1d958a3a7d70c45e1990a2c | Status: Sucesso | IP: ::1
